<?xml version="1.0" encoding="UTF-8"?>
<testsuite xmlns:xsi="http://www.w3.org/2001/XMLSchema-instance" xsi:noNamespaceSchemaLocation="https://maven.apache.org/surefire/maven-surefire-plugin/xsd/surefire-test-report-3.0.xsd" version="3.0" name="com.chiro.dao.DatabaseTest" time="0.68" tests="7" errors="0" skipped="0" failures="0">
  <properties>
[...]
</properties>
  <testcase name="testRelationships" classname="com.chiro.dao.DatabaseTest" time="0.079">
    <system-err><![CDATA[[main] INFO com.chiro.util.DatabaseInitializer - Database initialized successfully
[main] INFO com.chiro.util.DatabaseInitializer - Database initialized successfully
]]></system-err>
  </testcase>
  <testcase name="testAppointmentOperations" classname="com.chiro.dao.DatabaseTest" time="0.057">
    <system-err><![CDATA[[main] INFO com.chiro.util.DatabaseInitializer - Database initialized successfully
]]></system-err>
  </testcase>
  <testcase name="testPatientOperations" classname="com.chiro.dao.DatabaseTest" time="0.042">
    <system-err><![CDATA[[main] INFO com.chiro.util.DatabaseInitializer - Database initialized successfully
]]></system-err>
  </testcase>
  <testcase name="testInsuranceOperations" classname="com.chiro.dao.DatabaseTest" time="0.059">
    <system-err><![CDATA[[main] INFO com.chiro.util.DatabaseInitializer - Database initialized successfully
]]></system-err>
  </testcase>
  <testcase name="testInsuranceIdRequired" classname="com.chiro.dao.DatabaseTest" time="0.114">
    <system-err><![CDATA[[main] INFO com.chiro.util.DatabaseInitializer - Database initialized successfully
]]></system-err>
  </testcase>
  <testcase name="testDoctorOperations" classname="com.chiro.dao.DatabaseTest" time="0.034">
    <system-err><![CDATA[[main] INFO com.chiro.util.DatabaseInitializer - Database initialized successfully
]]></system-err>
  </testcase>
  <testcase name="testRecordOperations" classname="com.chiro.dao.DatabaseTest" time="0.056">
    <system-err><![CDATA[[main] INFO com.chiro.util.DatabaseInitializer - Database initialized successfully
]]></system-err>
  </testcase>
</testsuite>