<?xml version="1.0" encoding="UTF-8"?>
<testsuite xmlns:xsi="http://www.w3.org/2001/XMLSchema-instance" xsi:noNamespaceSchemaLocation="https://maven.apache.org/surefire/maven-surefire-plugin/xsd/surefire-test-report-3.0.xsd" version="3.0" name="com.chiro.dao.DatabaseTest" time="0.566" tests="7" errors="0" skipped="0" failures="0">
  <properties>
[...]
</properties>
  <testcase name="testRelationships" classname="com.chiro.dao.DatabaseTest" time="0.082">
    <system-out><![CDATA[
=== Setting up test environment ===
Database initialized successfully
=== Test environment setup complete ===


--- Clearing database for new test ---
Database initialized successfully
Cleared table: Record
Cleared table: Appointment
Cleared table: Patient
Cleared table: Doctor
Cleared table: Insurance
--- Database cleared ---

]]></system-out>
    <system-err><![CDATA[SLF4J: Failed to load class "org.slf4j.impl.StaticLoggerBinder".
SLF4J: Defaulting to no-operation (NOP) logger implementation
SLF4J: See http://www.slf4j.org/codes.html#StaticLoggerBinder for further details.
]]></system-err>
  </testcase>
  <testcase name="testAppointmentOperations" classname="com.chiro.dao.DatabaseTest" time="0.057">
    <system-out><![CDATA[
--- Clearing database for new test ---
Database initialized successfully
Cleared table: Record
Cleared table: Appointment
Cleared table: Patient
Cleared table: Doctor
Cleared table: Insurance
--- Database cleared ---


=== Testing Appointment Operations ===
Creating required entities...
Created insurance with ID: INS-APT-001
Created patient with ID: f1ab8c7d-bc35-4d13-b667-876705192f30
Created doctor with ID: dcacf614-9307-4f61-a90e-b8ffb3ee27df
Creating new appointment...
Created appointment with ID: 5e501250-444a-421e-8ccf-e824336ae5eb
Reading appointment record...
Retrieved appointment status: Scheduled
Updating appointment record...
Updated appointment status: Completed
Deleting appointment record...
Appointment record deleted successfully
=== Appointment Operations Test Complete ===

]]></system-out>
  </testcase>
  <testcase name="testPatientOperations" classname="com.chiro.dao.DatabaseTest" time="0.046">
    <system-out><![CDATA[
--- Clearing database for new test ---
Database initialized successfully
Cleared table: Record
Cleared table: Appointment
Cleared table: Patient
Cleared table: Doctor
Cleared table: Insurance
--- Database cleared ---


=== Testing Patient Operations ===
Creating insurance for patient...
Created insurance with ID: INS-PAT-001
Creating new patient record...
Created patient with ID: 27bdb6ec-2cbe-45ec-befe-cc0ba1be9731
Reading patient record...
Retrieved patient name: John Doe
Updating patient record...
Updated patient name: John Smith
Deleting patient record...
Patient record deleted successfully
=== Patient Operations Test Complete ===

]]></system-out>
  </testcase>
  <testcase name="testInsuranceOperations" classname="com.chiro.dao.DatabaseTest" time="0.041">
    <system-out><![CDATA[
--- Clearing database for new test ---
Database initialized successfully
Cleared table: Record
Cleared table: Appointment
Cleared table: Patient
Cleared table: Doctor
Cleared table: Insurance
--- Database cleared ---


=== Testing Insurance Operations ===
Creating new insurance record...
Created insurance with ID: INS123
Reading insurance record...
Retrieved insurance provider: Test Insurance Co
Updating insurance record...
Updated insurance provider: Updated Insurance Co
Deleting insurance record...
Insurance record deleted successfully
=== Insurance Operations Test Complete ===

]]></system-out>
  </testcase>
  <testcase name="testInsuranceIdRequired" classname="com.chiro.dao.DatabaseTest" time="0.02">
    <system-out><![CDATA[
--- Clearing database for new test ---
Database initialized successfully
Cleared table: Record
Cleared table: Appointment
Cleared table: Patient
Cleared table: Doctor
Cleared table: Insurance
--- Database cleared ---


=== Testing Insurance ID Requirement ===
Attempting to save insurance without ID...
Expected exception thrown: Insurance ID is required
=== Insurance ID Requirement Test Complete ===

]]></system-out>
  </testcase>
  <testcase name="testDoctorOperations" classname="com.chiro.dao.DatabaseTest" time="0.04">
    <system-out><![CDATA[
--- Clearing database for new test ---
Database initialized successfully
Cleared table: Record
Cleared table: Appointment
Cleared table: Patient
Cleared table: Doctor
Cleared table: Insurance
--- Database cleared ---


=== Testing Doctor Operations ===
Creating new doctor record...
Created doctor with ID: 0e163a4f-eeec-4695-bda3-91447a1ba6c8
Reading doctor record...
Retrieved doctor: Dr. Smith - Chiropractic
Updating doctor record...
Updated doctor specialization: Sports Medicine
Deleting doctor record...
Doctor record deleted successfully
=== Doctor Operations Test Complete ===

]]></system-out>
  </testcase>
  <testcase name="testRecordOperations" classname="com.chiro.dao.DatabaseTest" time="0.056">
    <system-out><![CDATA[
--- Clearing database for new test ---
Database initialized successfully
Cleared table: Record
Cleared table: Appointment
Cleared table: Patient
Cleared table: Doctor
Cleared table: Insurance
--- Database cleared ---

]]></system-out>
  </testcase>
</testsuite>